skipped: E:\JilliPhotos\.DS_Store
skipped: E:\JilliPhotos\Masters\.DS_Store
skipped: E:\JilliPhotos\Masters\2015\.DS_Store
skipped: E:\JilliPhotos\Masters\2015\02\.DS_Store
skipped: E:\JilliPhotos\Masters\2015\02\03\.DS_Store
skipped: E:\JilliPhotos\Masters\2015\04\28\20150428-175439\.IMG_0791.MOV.77BlAt
skipped: E:\JilliPhotos\Masters\2015\04\28\20150428-175439\.IMG_0791.MOV.PKHptK
skipped: E:\JilliPhotos\Masters\2015\04\28\20150428-175439\.IMG_0791.MOV.XuDG1U
skipped: E:\JilliPhotos\Masters\2015\09\27\20150927-150405\.IMG_1129.MOV.gWZzum
skipped: E:\JilliPhotos\Masters\2016\10\25\20161025-141317\IMG_1942.AAE
skipped: E:\JilliPhotos\Masters\2017\11\10\20171110-123034\IMG_0393.AAE
skipped: E:\JilliPhotos\Masters\2017\11\10\20171110-123034\IMG_1053.AAE
skipped: E:\JilliPhotos\Masters\2017\11\10\20171110-123034\IMG_1080.3gp
skipped: E:\JilliPhotos\Masters\2017\11\10\20171110-123034\IMG_1149.AAE
skipped: E:\JilliPhotos\Masters\2017\11\10\20171110-123034\IMG_1150.AAE
skipped: E:\JilliPhotos\Masters\2017\11\10\20171110-123034\IMG_1166.AAE
skipped: E:\JilliPhotos\Masters\2017\11\10\20171110-123034\IMG_1229.AAE
skipped: E:\JilliPhotos\Masters\2017\11\10\20171110-123034\IMG_1230.AAE
skipped: E:\JilliPhotos\Masters\2017\11\10\20171110-123034\IMG_1235.AAE
skipped: E:\JilliPhotos\Masters\2017\11\10\20171110-123034\IMG_1053\IMG_1053.AAE
skipped: E:\JilliPhotos\Masters\2017\11\10\20171110-123034\IMG_1149\IMG_1149.AAE
skipped: E:\JilliPhotos\Masters\2017\11\10\20171110-123034\IMG_1150\IMG_1150.AAE
skipped: E:\JilliPhotos\Masters\2017\11\10\20171110-123034\IMG_1166\IMG_1166.AAE
skipped: E:\JilliPhotos\Masters\2017\11\10\20171110-123034\IMG_1229\IMG_1229.AAE
skipped: E:\JilliPhotos\Masters\2017\11\10\20171110-123034\IMG_1230\IMG_1230.AAE
skipped: E:\JilliPhotos\Masters\2017\11\10\20171110-123034\IMG_1235\IMG_1235.AAE
skipped: E:\JilliPhotos\Masters\2017\11\10\20171110-124039\3E1488DA-6D7E-4217-84BD-51A5572BF5CB.AAE
skipped: E:\JilliPhotos\Masters\2017\11\10\20171110-124039\78117355-38C6-4359-838E-43E65A58841C.AAE
skipped: E:\JilliPhotos\Masters\2017\11\10\20171110-124039\905A5151-706F-4621-9635-4421A7CBDDA2.AAE
skipped: E:\JilliPhotos\Masters\2017\11\10\20171110-124039\IMG_0021.AAE
skipped: E:\JilliPhotos\Masters\2017\11\10\20171110-124039\IMG_0399.AAE
skipped: E:\JilliPhotos\Masters\2017\11\10\20171110-124039\IMG_0405.AAE
skipped: E:\JilliPhotos\Masters\2017\11\10\20171110-124039\IMG_0849.AAE
skipped: E:\JilliPhotos\Masters\2017\11\10\20171110-124039\IMG_0859.AAE
skipped: E:\JilliPhotos\Masters\2017\11\10\20171110-124039\IMG_0860.AAE
skipped: E:\JilliPhotos\Masters\2017\11\10\20171110-124039\IMG_0867.AAE
skipped: E:\JilliPhotos\Masters\2017\11\10\20171110-124039\IMG_0870.AAE
skipped: E:\JilliPhotos\Masters\2017\11\10\20171110-124039\IMG_0971.AAE
skipped: E:\JilliPhotos\Masters\2017\11\10\20171110-124039\IMG_0980.AAE
skipped: E:\JilliPhotos\Masters\2017\11\10\20171110-124039\IMG_0981.AAE
skipped: E:\JilliPhotos\Masters\2017\11\10\20171110-124039\IMG_0983.AAE
skipped: E:\JilliPhotos\Masters\2017\11\10\20171110-124039\IMG_0984.AAE
skipped: E:\JilliPhotos\Masters\2017\11\10\20171110-124039\IMG_1248.AAE
skipped: E:\JilliPhotos\Masters\2017\11\10\20171110-124039\IMG_1369.AAE
skipped: E:\JilliPhotos\Masters\2017\11\10\20171110-124039\IMG_1736.AAE
skipped: E:\JilliPhotos\Masters\2017\11\10\20171110-124039\IMG_1844.AAE
skipped: E:\JilliPhotos\Masters\2017\11\10\20171110-124039\IMG_1849.AAE
skipped: E:\JilliPhotos\Masters\2017\11\10\20171110-124039\IMG_2028.AAE
skipped: E:\JilliPhotos\Masters\2017\11\10\20171110-124039\IMG_2095.AAE
skipped: E:\JilliPhotos\Masters\2017\11\10\20171110-124039\IMG_2138.AAE
skipped: E:\JilliPhotos\Masters\2017\11\10\20171110-124039\IMG_2238.AAE
skipped: E:\JilliPhotos\Masters\2017\11\10\20171110-124039\IMG_2242.AAE
skipped: E:\JilliPhotos\Masters\2017\11\10\20171110-124039\IMG_2244.AAE
skipped: E:\JilliPhotos\Masters\2017\11\10\20171110-124039\IMG_2282.AAE
skipped: E:\JilliPhotos\Masters\2017\11\10\20171110-124039\IMG_2290.AAE
skipped: E:\JilliPhotos\Masters\2017\11\10\20171110-124039\IMG_2441.AAE
skipped: E:\JilliPhotos\Masters\2017\11\10\20171110-124039\IMG_2602.AAE
skipped: E:\JilliPhotos\Masters\2017\11\10\20171110-124039\3E1488DA-6D7E-4217-84BD-51A5572BF5CB\3E1488DA-6D7E-4217-84BD-51A5572BF5CB.AAE
skipped: E:\JilliPhotos\Masters\2017\11\10\20171110-124039\78117355-38C6-4359-838E-43E65A58841C\78117355-38C6-4359-838E-43E65A58841C.AAE
skipped: E:\JilliPhotos\Masters\2017\11\10\20171110-124039\905A5151-706F-4621-9635-4421A7CBDDA2\905A5151-706F-4621-9635-4421A7CBDDA2.AAE
skipped: E:\JilliPhotos\Masters\2017\11\10\20171110-124039\IMG_0021\IMG_0021.AAE
skipped: E:\JilliPhotos\Masters\2017\11\10\20171110-124039\IMG_1248\IMG_1248.AAE
skipped: E:\JilliPhotos\Masters\2017\11\10\20171110-124039\IMG_1369\IMG_1369.AAE
skipped: E:\JilliPhotos\Masters\2017\11\10\20171110-124039\IMG_1736\IMG_1736.AAE
skipped: E:\JilliPhotos\Masters\2017\11\10\20171110-124039\IMG_1844\IMG_1844.AAE
skipped: E:\JilliPhotos\Masters\2017\11\10\20171110-124039\IMG_1849\IMG_1849.AAE
skipped: E:\JilliPhotos\Masters\2017\11\10\20171110-124039\IMG_2028\IMG_2028.AAE
skipped: E:\JilliPhotos\Masters\2017\11\10\20171110-124039\IMG_2095\IMG_2095.AAE
skipped: E:\JilliPhotos\Masters\2017\11\10\20171110-124039\IMG_2138\IMG_2138.AAE
skipped: E:\JilliPhotos\Masters\2017\11\10\20171110-124039\IMG_2238\IMG_2238.AAE
skipped: E:\JilliPhotos\Masters\2017\11\10\20171110-124039\IMG_2242\IMG_2242.AAE
skipped: E:\JilliPhotos\Masters\2017\11\10\20171110-124039\IMG_2244\IMG_2244.AAE
skipped: E:\JilliPhotos\Masters\2017\11\10\20171110-124039\IMG_2282\IMG_2282.AAE
skipped: E:\JilliPhotos\Masters\2017\11\10\20171110-124039\IMG_2290\IMG_2290.AAE
skipped: E:\JilliPhotos\Masters\2017\11\10\20171110-124039\IMG_2441\IMG_2441.AAE
